<?xml version="1.0" encoding="UTF-8"?>
<testng-results ignored="0" total="5" passed="5" failed="0" skipped="0">
  <reporter-output>
  </reporter-output>
  <suite started-at="2026-09-13T16:08:33 IST" name="Default suite" finished-at="2026-09-13T16:08:48 IST" duration-ms="15613">
    <groups>
      <group name="cucumber">
        <method signature="AbstractTestNGCucumberTests.runScenario(io.cucumber.testng.PickleWrapper,io.cucumber.testng.FeatureWrapper)[pri:0, instance:runners.TestRunner@1a4927d6]" name="runScenario" class="io.cucumber.testng.AbstractTestNGCucumberTests"/>
      </group> <!-- cucumber -->
    </groups>
    <test started-at="2026-09-13T16:08:33 IST" name="Default test" finished-at="2026-09-13T16:08:48 IST" duration-ms="15613">
      <class name="runners.TestRunner">
        <test-method is-config="true" signature="setUpClass(org.testng.ITestContext)[pri:0, instance:runners.TestRunner@1a4927d6]" started-at="2026-09-13T16:08:33 IST" name="setUpClass" finished-at="2026-09-13T16:08:34 IST" duration-ms="1323" status="PASS">
          <params>
            <param index="0">
              <value>
                <![CDATA[org.testng.TestRunner@8c43966]]>
              </value>
            </param>
          </params>
          <reporter-output>
          </reporter-output>
        </test-method> <!-- setUpClass -->
        <test-method signature="runScenario(io.cucumber.testng.PickleWrapper,io.cucumber.testng.FeatureWrapper)[pri:0, instance:runners.TestRunner@1a4927d6]" started-at="2026-09-13T16:08:34 IST" name="runScenario" description="Runs Cucumber Scenarios" data-provider="scenarios" finished-at="2026-09-13T16:08:39 IST" duration-ms="4571" status="PASS">
          <params>
            <param index="0">
              <value>
                <![CDATA["Add a specific product to the cart"]]>
              </value>
            </param>
            <param index="1">
              <value>
                <![CDATA["Cart Operations on SauceDemo"]]>
              </value>
            </param>
          </params>
          <reporter-output>
          </reporter-output>
        </test-method> <!-- runScenario -->
        <test-method signature="runScenario(io.cucumber.testng.PickleWrapper,io.cucumber.testng.FeatureWrapper)[pri:0, instance:runners.TestRunner@1a4927d6]" started-at="2026-09-13T16:08:39 IST" name="runScenario" description="Runs Cucumber Scenarios" data-provider="scenarios" finished-at="2026-09-13T16:08:41 IST" duration-ms="2473" status="PASS">
          <params>
            <param index="0">
              <value>
                <![CDATA["Successful login with valid credentials"]]>
              </value>
            </param>
            <param index="1">
              <value>
                <![CDATA["User Login Functionality on SauceDemo"]]>
              </value>
            </param>
          </params>
          <reporter-output>
          </reporter-output>
        </test-method> <!-- runScenario -->
        <test-method signature="runScenario(io.cucumber.testng.PickleWrapper,io.cucumber.testng.FeatureWrapper)[pri:0, instance:runners.TestRunner@1a4927d6]" started-at="2026-09-13T16:08:41 IST" name="runScenario" description="Runs Cucumber Scenarios" data-provider="scenarios" finished-at="2026-09-13T16:08:43 IST" duration-ms="2265" status="PASS">
          <params>
            <param index="0">
              <value>
                <![CDATA["Unsuccessful login with invalid credentials"]]>
              </value>
            </param>
            <param index="1">
              <value>
                <![CDATA["User Login Functionality on SauceDemo"]]>
              </value>
            </param>
          </params>
          <reporter-output>
          </reporter-output>
        </test-method> <!-- runScenario -->
        <test-method signature="runScenario(io.cucumber.testng.PickleWrapper,io.cucumber.testng.FeatureWrapper)[pri:0, instance:runners.TestRunner@1a4927d6]" started-at="2026-09-13T16:08:43 IST" name="runScenario" description="Runs Cucumber Scenarios" data-provider="scenarios" finished-at="2026-09-13T16:08:46 IST" duration-ms="2243" status="PASS">
          <params>
            <param index="0">
              <value>
                <![CDATA["Unsuccessful login with invalid credentials"]]>
              </value>
            </param>
            <param index="1">
              <value>
                <![CDATA["User Login Functionality on SauceDemo"]]>
              </value>
            </param>
          </params>
          <reporter-output>
          </reporter-output>
        </test-method> <!-- runScenario -->
        <test-method signature="runScenario(io.cucumber.testng.PickleWrapper,io.cucumber.testng.FeatureWrapper)[pri:0, instance:runners.TestRunner@1a4927d6]" started-at="2026-09-13T16:08:46 IST" name="runScenario" description="Runs Cucumber Scenarios" data-provider="scenarios" finished-at="2026-09-13T16:08:48 IST" duration-ms="2273" status="PASS">
          <params>
            <param index="0">
              <value>
                <![CDATA["Unsuccessful login with invalid credentials"]]>
              </value>
            </param>
            <param index="1">
              <value>
                <![CDATA["User Login Functionality on SauceDemo"]]>
              </value>
            </param>
          </params>
          <reporter-output>
          </reporter-output>
        </test-method> <!-- runScenario -->
        <test-method is-config="true" signature="tearDownClass()[pri:0, instance:runners.TestRunner@1a4927d6]" started-at="2026-09-13T16:08:48 IST" name="tearDownClass" finished-at="2026-09-13T16:08:48 IST" duration-ms="387" status="PASS">
          <reporter-output>
          </reporter-output>
        </test-method> <!-- tearDownClass -->
      </class> <!-- runners.TestRunner -->
    </test> <!-- Default test -->
  </suite> <!-- Default suite -->
</testng-results>
