<?xml version="1.0" encoding="UTF-8"?>
<!-- Generated by org.testng.reporters.JUnitReportReporter -->
<testsuite hostname="Avishek" failures="0" tests="5" name="runners.TestRunner" time="13.825" errors="0" timestamp="2026-09-13T16:08:49 IST" skipped="0">
  <testcase classname="runners.TestRunner" name="runScenario" time="2.473"/>
  <testcase classname="runners.TestRunner" name="runScenario" time="4.571"/>
  <testcase classname="runners.TestRunner" name="runScenario" time="2.273"/>
  <testcase classname="runners.TestRunner" name="runScenario" time="2.265"/>
  <testcase classname="runners.TestRunner" name="runScenario" time="2.243"/>
</testsuite> <!-- runners.TestRunner -->
